time="2022-10-29T21:53:11+06:00" level=info msg="create router" func="main.main()" file="app.go:18"
time="2022-10-29T21:53:11+06:00" level=info msg="register user handler" func="main.main()" file="app.go:21"
time="2022-10-29T22:39:27+06:00" level=info msg="create router" func="main.main()" file="app.go:17"
time="2022-10-29T22:39:27+06:00" level=info msg="register user handler" func="main.main()" file="app.go:20"
time="2022-10-29T22:39:27+06:00" level=info msg="start application" func="main.start()" file="app.go:33"
time="2022-10-29T22:39:27+06:00" level=info msg="server is listening port 0.0.0.0:1234" func="main.start()" file="app.go:47"
time="2022-10-31T22:01:05+06:00" level=info msg="create router" func="main.main()" file="app.go:22"
time="2022-10-31T22:01:05+06:00" level=info msg="read application configuration" func="restapi/internal/config.GetConfig.func1()" file="config.go:24"
time="2022-10-31T22:01:05+06:00" level=info msg="register user handler" func="main.main()" file="app.go:27"
time="2022-10-31T22:01:05+06:00" level=info msg="start application" func="main.start()" file="app.go:39"
time="2022-10-31T22:01:05+06:00" level=info msg="listen tcp" func="main.start()" file="app.go:56"
time="2022-10-31T22:01:05+06:00" level=info msg="server is listening port 0.0.0.0:10000" func="main.start()" file="app.go:71"
time="2022-10-31T22:11:10+06:00" level=info msg="create router" func="main.main()" file="app.go:22"
time="2022-10-31T22:11:10+06:00" level=info msg="read application configuration" func="restapi/internal/config.GetConfig.func1()" file="config.go:24"
time="2022-10-31T22:11:10+06:00" level=info msg="register user handler" func="main.main()" file="app.go:27"
time="2022-10-31T22:11:10+06:00" level=info msg="start application" func="main.start()" file="app.go:39"
time="2022-10-31T22:11:10+06:00" level=info msg="detect app path" func="main.start()" file="app.go:45"
time="2022-10-31T22:11:10+06:00" level=info msg="create socket" func="main.start()" file="app.go:50"
time="2022-10-31T22:11:10+06:00" level=info msg="listen unix socket" func="main.start()" file="app.go:53"
time="2022-10-31T22:11:10+06:00" level=info msg="server is listening unix socket: /Users/zajsan/Desktop/coding/golang/self/tAoD/restapi/build/app.sock" func="main.start()" file="app.go:55"
time="2022-10-31T22:12:57+06:00" level=info msg="create router" func="main.main()" file="app.go:22"
time="2022-10-31T22:12:57+06:00" level=info msg="read application configuration" func="restapi/internal/config.GetConfig.func1()" file="config.go:24"
time="2022-10-31T22:12:57+06:00" level=info msg="register user handler" func="main.main()" file="app.go:27"
time="2022-10-31T22:12:57+06:00" level=info msg="start application" func="main.start()" file="app.go:39"
time="2022-10-31T22:12:57+06:00" level=info msg="detect app path" func="main.start()" file="app.go:45"
time="2022-10-31T22:12:57+06:00" level=info msg="create socket" func="main.start()" file="app.go:50"
time="2022-10-31T22:12:57+06:00" level=info msg="listen unix socket" func="main.start()" file="app.go:53"
time="2022-10-31T22:12:57+06:00" level=info msg="server is listening unix socket: /Users/zajsan/Desktop/coding/golang/self/tAoD/restapi/build/app.sock" func="main.start()" file="app.go:55"
time="2022-10-31T22:12:57+06:00" level=fatal msg="listen unix /Users/zajsan/Desktop/coding/golang/self/tAoD/restapi/build/app.sock: bind: address already in use" func="main.start()" file="app.go:63"
time="2022-10-31T22:13:50+06:00" level=info msg="create router" func="main.main()" file="app.go:22"
time="2022-10-31T22:13:50+06:00" level=info msg="read application configuration" func="restapi/internal/config.GetConfig.func1()" file="config.go:24"
time="2022-10-31T22:13:50+06:00" level=info msg="register user handler" func="main.main()" file="app.go:27"
time="2022-10-31T22:13:50+06:00" level=info msg="start application" func="main.start()" file="app.go:39"
time="2022-10-31T22:13:50+06:00" level=info msg="detect app path" func="main.start()" file="app.go:45"
time="2022-10-31T22:13:50+06:00" level=info msg="create socket" func="main.start()" file="app.go:50"
time="2022-10-31T22:13:50+06:00" level=info msg="listen unix socket" func="main.start()" file="app.go:53"
time="2022-10-31T22:13:50+06:00" level=info msg="server is listening unix socket: /Users/zajsan/Desktop/coding/golang/self/tAoD/restapi/build/app.sock" func="main.start()" file="app.go:55"
time="2022-10-31T22:13:50+06:00" level=fatal msg="listen unix /Users/zajsan/Desktop/coding/golang/self/tAoD/restapi/build/app.sock: bind: address already in use" func="main.start()" file="app.go:63"
time="2022-10-31T22:15:22+06:00" level=info msg="create router" func="main.main()" file="app.go:22"
time="2022-10-31T22:15:22+06:00" level=info msg="read application configuration" func="restapi/internal/config.GetConfig.func1()" file="config.go:24"
time="2022-10-31T22:15:22+06:00" level=info msg="register user handler" func="main.main()" file="app.go:27"
time="2022-10-31T22:15:22+06:00" level=info msg="start application" func="main.start()" file="app.go:39"
time="2022-10-31T22:15:22+06:00" level=info msg="detect app path" func="main.start()" file="app.go:45"
time="2022-10-31T22:15:22+06:00" level=info msg="create socket" func="main.start()" file="app.go:50"
time="2022-10-31T22:15:22+06:00" level=info msg="listen unix socket" func="main.start()" file="app.go:53"
time="2022-10-31T22:15:22+06:00" level=info msg="server is listening unix socket: /Users/zajsan/Desktop/coding/golang/self/tAoD/restapi/build/app.sock" func="main.start()" file="app.go:55"
time="2022-10-31T22:15:22+06:00" level=fatal msg="listen unix /Users/zajsan/Desktop/coding/golang/self/tAoD/restapi/build/app.sock: bind: address already in use" func="main.start()" file="app.go:63"
time="2022-10-31T22:19:25+06:00" level=info msg="create router" func="main.main()" file="app.go:22"
time="2022-10-31T22:19:25+06:00" level=info msg="read application configuration" func="restapi/internal/config.GetConfig.func1()" file="config.go:24"
time="2022-10-31T22:19:25+06:00" level=info msg="register user handler" func="main.main()" file="app.go:27"
time="2022-10-31T22:19:25+06:00" level=info msg="start application" func="main.start()" file="app.go:39"
time="2022-10-31T22:19:25+06:00" level=info msg="listen tcp" func="main.start()" file="app.go:57"
time="2022-10-31T22:19:25+06:00" level=info msg="server is listening port 0.0.0.0:10000" func="main.start()" file="app.go:59"
time="2022-10-31T22:19:46+06:00" level=info msg="create router" func="main.main()" file="app.go:22"
time="2022-10-31T22:19:46+06:00" level=info msg="read application configuration" func="restapi/internal/config.GetConfig.func1()" file="config.go:24"
time="2022-10-31T22:19:46+06:00" level=info msg="register user handler" func="main.main()" file="app.go:27"
time="2022-10-31T22:19:46+06:00" level=info msg="start application" func="main.start()" file="app.go:39"
time="2022-10-31T22:19:46+06:00" level=info msg="detect app path" func="main.start()" file="app.go:45"
time="2022-10-31T22:19:46+06:00" level=info msg="create socket" func="main.start()" file="app.go:50"
time="2022-10-31T22:19:46+06:00" level=info msg="listen unix socket" func="main.start()" file="app.go:53"
time="2022-10-31T22:19:46+06:00" level=info msg="server is listening unix socket: /Users/zajsan/Desktop/coding/golang/self/tAoD/restapi/build/app.sock" func="main.start()" file="app.go:55"
time="2022-10-31T22:19:46+06:00" level=fatal msg="listen unix /Users/zajsan/Desktop/coding/golang/self/tAoD/restapi/build/app.sock: bind: address already in use" func="main.start()" file="app.go:63"
time="2022-10-31T22:21:59+06:00" level=info msg="create router" func="main.main()" file="app.go:22"
time="2022-10-31T22:21:59+06:00" level=info msg="read application configuration" func="restapi/internal/config.GetConfig.func1()" file="config.go:24"
time="2022-10-31T22:21:59+06:00" level=info msg="register user handler" func="main.main()" file="app.go:27"
time="2022-10-31T22:21:59+06:00" level=info msg="start application" func="main.start()" file="app.go:39"
time="2022-10-31T22:21:59+06:00" level=info msg="detect app path" func="main.start()" file="app.go:45"
time="2022-10-31T22:21:59+06:00" level=info msg="create socket" func="main.start()" file="app.go:50"
time="2022-10-31T22:21:59+06:00" level=info msg="listen unix socket" func="main.start()" file="app.go:53"
time="2022-10-31T22:21:59+06:00" level=info msg="server is listening unix socket: /Users/zajsan/Desktop/coding/golang/self/tAoD/restapi/build/app.sock" func="main.start()" file="app.go:55"
time="2022-11-14T22:13:21+06:00" level=info msg="create router" func="main.main()" file="app.go:25"
time="2022-11-14T22:13:21+06:00" level=info msg="read application configuration" func="restapi/internal/config.GetConfig.func1()" file="config.go:33"
time="2022-11-14T22:13:21+06:00" level=debug msg="create user" func="restapi/internal/user/db.(*db).Create()" file="mongodb.go:20"
time="2022-11-14T22:13:21+06:00" level=debug msg="convert InsertedID to ObjectID" func="restapi/internal/user/db.(*db).Create()" file="mongodb.go:26"
time="2022-11-14T22:13:21+06:00" level=info msg=637269217e9cc1a5a108fef0 func="main.main()" file="app.go:48"
time="2022-11-14T22:13:21+06:00" level=info msg="register user handler" func="main.main()" file="app.go:50"
time="2022-11-14T22:13:21+06:00" level=info msg="start application" func="main.start()" file="app.go:62"
time="2022-11-14T22:13:21+06:00" level=info msg="detect app path" func="main.start()" file="app.go:68"
time="2022-11-14T22:13:21+06:00" level=info msg="create socket" func="main.start()" file="app.go:73"
time="2022-11-14T22:13:21+06:00" level=info msg="listen unix socket" func="main.start()" file="app.go:76"
time="2022-11-14T22:13:21+06:00" level=info msg="server is listening unix socket: /Users/zajsan/Desktop/coding/golang/self/tAoD/restapi/build/app.sock" func="main.start()" file="app.go:78"
time="2022-11-14T22:13:21+06:00" level=fatal msg="listen unix /Users/zajsan/Desktop/coding/golang/self/tAoD/restapi/build/app.sock: bind: address already in use" func="main.start()" file="app.go:86"
time="2022-11-14T23:54:18+06:00" level=info msg="create router" func="main.main()" file="app.go:25"
time="2022-11-15T22:00:00+06:00" level=info msg="create router" func="main.main()" file="app.go:25"
time="2022-11-15T22:06:20+06:00" level=info msg="create router" func="main.main()" file="app.go:25"
time="2022-11-15T22:06:20+06:00" level=info msg="read application configuration" func="restapi/internal/config.GetConfig.func1()" file="config.go:33"
time="2022-11-15T22:06:20+06:00" level=debug msg="create user" func="restapi/internal/user/db.(*db).Create()" file="mongodb.go:20"
time="2022-11-15T22:06:20+06:00" level=debug msg="convert InsertedID to ObjectID" func="restapi/internal/user/db.(*db).Create()" file="mongodb.go:26"
time="2022-11-15T22:06:20+06:00" level=info msg=6373b8fc00e7d8162e60089b func="main.main()" file="app.go:48"
time="2022-11-15T22:06:20+06:00" level=info msg="register user handler" func="main.main()" file="app.go:50"
time="2022-11-15T22:06:20+06:00" level=info msg="start application" func="main.start()" file="app.go:62"
time="2022-11-15T22:06:20+06:00" level=info msg="detect app path" func="main.start()" file="app.go:68"
time="2022-11-15T22:06:20+06:00" level=info msg="create socket" func="main.start()" file="app.go:73"
time="2022-11-15T22:06:20+06:00" level=info msg="listen unix socket" func="main.start()" file="app.go:76"
time="2022-11-15T22:06:20+06:00" level=info msg="server is listening unix socket: /Users/zajsan/Desktop/coding/golang/self/tAoD/restapi/build/app.sock" func="main.start()" file="app.go:78"
time="2022-11-15T22:06:20+06:00" level=fatal msg="listen unix /Users/zajsan/Desktop/coding/golang/self/tAoD/restapi/build/app.sock: bind: address already in use" func="main.start()" file="app.go:86"
time="2022-11-15T22:06:25+06:00" level=info msg="create router" func="main.main()" file="app.go:25"
time="2022-11-15T22:28:34+06:00" level=info msg="create router" func="main.main()" file="app.go:25"
time="2022-11-15T22:33:28+06:00" level=info msg="create router" func="main.main()" file="app.go:25"
time="2022-11-15T22:53:50+06:00" level=info msg="create router" func="main.main()" file="app.go:25"
time="2022-11-15T22:56:26+06:00" level=info msg="create router" func="main.main()" file="app.go:25"
time="2022-11-15T22:56:32+06:00" level=info msg="read application configuration" func="restapi/internal/config.GetConfig.func1()" file="config.go:33"
time="2022-11-15T22:56:32+06:00" level=debug msg="create user" func="restapi/internal/user/db.(*db).Create()" file="mongodb.go:20"
time="2022-11-15T22:56:32+06:00" level=debug msg="convert InsertedID to ObjectID" func="restapi/internal/user/db.(*db).Create()" file="mongodb.go:26"
time="2022-11-15T22:56:32+06:00" level=info msg=6373c4c0181f5478b4d90687 func="main.main()" file="app.go:48"
time="2022-11-15T22:56:32+06:00" level=info msg="register user handler" func="main.main()" file="app.go:50"
time="2022-11-15T22:56:32+06:00" level=info msg="start application" func="main.start()" file="app.go:61"
time="2022-11-15T22:56:32+06:00" level=info msg="detect app path" func="main.start()" file="app.go:67"
time="2022-11-15T22:56:32+06:00" level=info msg="create socket" func="main.start()" file="app.go:72"
time="2022-11-15T22:56:32+06:00" level=info msg="listen unix socket" func="main.start()" file="app.go:75"
time="2022-11-15T22:56:32+06:00" level=info msg="server is listening unix socket: /Users/zajsan/Desktop/coding/golang/self/tAoD/restapi/build/app.sock" func="main.start()" file="app.go:77"
time="2022-11-15T22:56:32+06:00" level=fatal msg="listen unix /Users/zajsan/Desktop/coding/golang/self/tAoD/restapi/build/app.sock: bind: address already in use" func="main.start()" file="app.go:85"
time="2022-11-15T22:56:38+06:00" level=info msg="create router" func="main.main()" file="app.go:25"
time="2022-11-15T22:59:12+06:00" level=info msg="create router" func="main.main()" file="app.go:25"
time="2022-11-15T23:01:34+06:00" level=info msg="create router" func="main.main()" file="app.go:25"
time="2022-11-15T23:01:34+06:00" level=info msg="read application configuration" func="restapi/internal/config.GetConfig.func1()" file="config.go:33"
time="2022-11-15T23:01:34+06:00" level=debug msg="create user" func="restapi/internal/user/db.(*db).Create()" file="mongodb.go:20"
time="2022-11-15T23:01:34+06:00" level=debug msg="convert InsertedID to ObjectID" func="restapi/internal/user/db.(*db).Create()" file="mongodb.go:26"
time="2022-11-15T23:01:34+06:00" level=info msg=6373c5eed02d763d2a1272a9 func="main.main()" file="app.go:48"
time="2022-11-15T23:01:34+06:00" level=info msg="register user handler" func="main.main()" file="app.go:50"
time="2022-11-15T23:01:34+06:00" level=info msg="start application" func="main.start()" file="app.go:61"
time="2022-11-15T23:01:34+06:00" level=info msg="detect app path" func="main.start()" file="app.go:67"
time="2022-11-15T23:01:34+06:00" level=info msg="create socket" func="main.start()" file="app.go:72"
time="2022-11-15T23:01:34+06:00" level=info msg="listen unix socket" func="main.start()" file="app.go:75"
time="2022-11-15T23:01:34+06:00" level=info msg="server is listening unix socket: /Users/zajsan/Desktop/coding/golang/self/tAoD/restapi/build/app.sock" func="main.start()" file="app.go:77"
time="2022-11-15T23:01:34+06:00" level=fatal msg="listen unix /Users/zajsan/Desktop/coding/golang/self/tAoD/restapi/build/app.sock: bind: address already in use" func="main.start()" file="app.go:85"
time="2022-11-15T23:07:41+06:00" level=info msg="create router" func="main.main()" file="app.go:25"
time="2022-11-15T23:07:41+06:00" level=info msg="read application configuration" func="restapi/internal/config.GetConfig.func1()" file="config.go:33"
time="2022-11-15T23:07:41+06:00" level=debug msg="create user" func="restapi/internal/user/db.(*db).Create()" file="mongodb.go:20"
time="2022-11-15T23:07:41+06:00" level=debug msg="convert InsertedID to ObjectID" func="restapi/internal/user/db.(*db).Create()" file="mongodb.go:26"
time="2022-11-15T23:07:41+06:00" level=info msg=6373c75d035959bebdf1edc8 func="main.main()" file="app.go:48"
time="2022-11-15T23:07:41+06:00" level=info msg="register user handler" func="main.main()" file="app.go:50"
time="2022-11-15T23:07:41+06:00" level=info msg="start application" func="main.start()" file="app.go:61"
time="2022-11-15T23:07:41+06:00" level=info msg="detect app path" func="main.start()" file="app.go:67"
time="2022-11-15T23:07:41+06:00" level=info msg="create socket" func="main.start()" file="app.go:72"
time="2022-11-15T23:07:41+06:00" level=info msg="listen unix socket" func="main.start()" file="app.go:75"
time="2022-11-15T23:07:41+06:00" level=info msg="server is listening unix socket: /Users/zajsan/Desktop/coding/golang/self/tAoD/restapi/build/app.sock" func="main.start()" file="app.go:77"
time="2022-11-15T23:07:41+06:00" level=fatal msg="listen unix /Users/zajsan/Desktop/coding/golang/self/tAoD/restapi/build/app.sock: bind: address already in use" func="main.start()" file="app.go:85"
time="2022-11-15T23:11:01+06:00" level=info msg="create router" func="main.main()" file="app.go:25"
time="2022-11-15T23:12:06+06:00" level=info msg="create router" func="main.main()" file="app.go:25"
time="2022-11-15T23:12:06+06:00" level=info msg="read application configuration" func="restapi/internal/config.GetConfig.func1()" file="config.go:33"
time="2022-11-15T23:12:06+06:00" level=debug msg="create user" func="restapi/internal/user/db.(*db).Create()" file="mongodb.go:20"
time="2022-11-15T23:12:06+06:00" level=debug msg="convert InsertedID to ObjectID" func="restapi/internal/user/db.(*db).Create()" file="mongodb.go:26"
time="2022-11-15T23:12:06+06:00" level=info msg=6373c866615d710716fee166 func="main.main()" file="app.go:48"
time="2022-11-15T23:12:06+06:00" level=info msg="register user handler" func="main.main()" file="app.go:50"
time="2022-11-15T23:12:06+06:00" level=info msg="start application" func="main.start()" file="app.go:61"
time="2022-11-15T23:12:06+06:00" level=info msg="detect app path" func="main.start()" file="app.go:67"
time="2022-11-15T23:12:06+06:00" level=info msg="create socket" func="main.start()" file="app.go:72"
time="2022-11-15T23:12:06+06:00" level=info msg="listen unix socket" func="main.start()" file="app.go:75"
time="2022-11-15T23:12:06+06:00" level=info msg="server is listening unix socket: /Users/zajsan/Desktop/coding/golang/self/tAoD/restapi/build/app.sock" func="main.start()" file="app.go:77"
time="2022-11-15T23:12:06+06:00" level=fatal msg="listen unix /Users/zajsan/Desktop/coding/golang/self/tAoD/restapi/build/app.sock: bind: address already in use" func="main.start()" file="app.go:85"
time="2022-11-15T23:19:02+06:00" level=info msg="create router" func="main.main()" file="app.go:25"
time="2022-11-15T23:19:02+06:00" level=info msg="read application configuration" func="restapi/internal/config.GetConfig.func1()" file="config.go:33"
time="2022-11-15T23:19:02+06:00" level=debug msg="create user" func="restapi/internal/user/db.(*db).Create()" file="mongodb.go:20"
time="2022-11-15T23:19:02+06:00" level=debug msg="convert InsertedID to ObjectID" func="restapi/internal/user/db.(*db).Create()" file="mongodb.go:26"
time="2022-11-15T23:19:02+06:00" level=info msg=6373ca06039edc1043828252 func="main.main()" file="app.go:48"
time="2022-11-15T23:19:02+06:00" level=info msg="register user handler" func="main.main()" file="app.go:50"
time="2022-11-15T23:19:02+06:00" level=info msg="start application" func="main.start()" file="app.go:61"
time="2022-11-15T23:19:02+06:00" level=info msg="detect app path" func="main.start()" file="app.go:67"
time="2022-11-15T23:19:02+06:00" level=info msg="create socket" func="main.start()" file="app.go:72"
time="2022-11-15T23:19:02+06:00" level=info msg="listen unix socket" func="main.start()" file="app.go:75"
time="2022-11-15T23:19:02+06:00" level=info msg="server is listening unix socket: /Users/zajsan/Desktop/coding/golang/self/tAoD/restapi/build/app.sock" func="main.start()" file="app.go:77"
time="2022-11-15T23:19:02+06:00" level=fatal msg="listen unix /Users/zajsan/Desktop/coding/golang/self/tAoD/restapi/build/app.sock: bind: address already in use" func="main.start()" file="app.go:85"
time="2022-11-15T23:22:42+06:00" level=info msg="create router" func="main.main()" file="app.go:25"
time="2022-11-15T23:22:42+06:00" level=info msg="read application configuration" func="restapi/internal/config.GetConfig.func1()" file="config.go:33"
time="2022-11-15T23:22:42+06:00" level=debug msg="create user" func="restapi/internal/user/db.(*db).Create()" file="mongodb.go:20"
time="2022-11-15T23:22:42+06:00" level=debug msg="convert InsertedID to ObjectID" func="restapi/internal/user/db.(*db).Create()" file="mongodb.go:26"
time="2022-11-15T23:22:42+06:00" level=info msg=6373cae2777d1ee8e10b28c0 func="main.main()" file="app.go:48"
time="2022-11-15T23:22:42+06:00" level=info msg="register user handler" func="main.main()" file="app.go:50"
time="2022-11-15T23:22:42+06:00" level=info msg="start application" func="main.start()" file="app.go:61"
time="2022-11-15T23:22:42+06:00" level=info msg="detect app path" func="main.start()" file="app.go:67"
time="2022-11-15T23:22:42+06:00" level=info msg="create socket" func="main.start()" file="app.go:72"
time="2022-11-15T23:22:42+06:00" level=info msg="listen unix socket" func="main.start()" file="app.go:75"
time="2022-11-15T23:22:42+06:00" level=info msg="server is listening unix socket: /Users/zajsan/Desktop/coding/golang/self/tAoD/restapi/build/app.sock" func="main.start()" file="app.go:77"
time="2022-11-15T23:22:42+06:00" level=fatal msg="listen unix /Users/zajsan/Desktop/coding/golang/self/tAoD/restapi/build/app.sock: bind: address already in use" func="main.start()" file="app.go:85"
time="2022-11-15T23:22:51+06:00" level=info msg="create router" func="main.main()" file="app.go:25"
time="2022-11-15T23:22:51+06:00" level=info msg="read application configuration" func="restapi/internal/config.GetConfig.func1()" file="config.go:33"
time="2022-11-15T23:22:51+06:00" level=debug msg="create user" func="restapi/internal/user/db.(*db).Create()" file="mongodb.go:20"
time="2022-11-15T23:22:51+06:00" level=debug msg="convert InsertedID to ObjectID" func="restapi/internal/user/db.(*db).Create()" file="mongodb.go:26"
time="2022-11-15T23:22:51+06:00" level=info msg=6373caeb18da5ef23ad5ee9f func="main.main()" file="app.go:48"
time="2022-11-15T23:22:51+06:00" level=info msg="register user handler" func="main.main()" file="app.go:50"
time="2022-11-15T23:22:51+06:00" level=info msg="start application" func="main.start()" file="app.go:61"
time="2022-11-15T23:22:51+06:00" level=info msg="detect app path" func="main.start()" file="app.go:67"
time="2022-11-15T23:22:51+06:00" level=info msg="create socket" func="main.start()" file="app.go:72"
time="2022-11-15T23:22:51+06:00" level=info msg="listen unix socket" func="main.start()" file="app.go:75"
time="2022-11-15T23:22:51+06:00" level=info msg="server is listening unix socket: /Users/zajsan/Desktop/coding/golang/self/tAoD/restapi/build/app.sock" func="main.start()" file="app.go:77"
time="2022-11-15T23:22:51+06:00" level=fatal msg="listen unix /Users/zajsan/Desktop/coding/golang/self/tAoD/restapi/build/app.sock: bind: address already in use" func="main.start()" file="app.go:85"
time="2022-11-15T23:23:05+06:00" level=info msg="create router" func="main.main()" file="app.go:25"
time="2022-11-17T21:51:57+06:00" level=info msg="create router" func="main.main()" file="app.go:25"
time="2022-11-17T21:51:57+06:00" level=info msg="read application configuration" func="restapi/internal/config.GetConfig.func1()" file="config.go:33"
time="2022-11-17T21:52:57+06:00" level=info msg="create router" func="main.main()" file="app.go:25"
time="2022-11-17T21:52:57+06:00" level=info msg="read application configuration" func="restapi/internal/config.GetConfig.func1()" file="config.go:33"
time="2022-11-17T21:53:02+06:00" level=debug msg="create user" func="restapi/internal/user/db.(*db).Create()" file="mongodb.go:20"
time="2022-11-17T21:53:02+06:00" level=debug msg="convert InsertedID to ObjectID" func="restapi/internal/user/db.(*db).Create()" file="mongodb.go:26"
time="2022-11-17T21:53:07+06:00" level=info msg=637658de17177eeb0d9e1168 func="main.main()" file="app.go:48"
time="2022-11-17T21:53:26+06:00" level=debug msg="create user" func="restapi/internal/user/db.(*db).Create()" file="mongodb.go:20"
time="2022-11-17T21:53:26+06:00" level=debug msg="convert InsertedID to ObjectID" func="restapi/internal/user/db.(*db).Create()" file="mongodb.go:26"
time="2022-11-17T21:53:32+06:00" level=info msg=637658f617177eeb0d9e1169 func="main.main()" file="app.go:61"
time="2022-11-17T21:55:18+06:00" level=trace msg="Matched 1 documents and Modified 1 documents" func="restapi/internal/user/db.(*db).Update()" file="mongodb.go:94"
time="2022-11-17T22:00:23+06:00" level=trace msg="Deleted 1 documents" func="restapi/internal/user/db.(*db).Delete()" file="mongodb.go:117"
time="2022-11-17T22:00:39+06:00" level=fatal msg="not found" func="main.main()" file="app.go:82"
time="2022-11-17T22:40:41+06:00" level=info msg="create router" func="main.main()" file="app.go:25"
time="2022-11-17T22:40:41+06:00" level=info msg="read application configuration" func="restapi/internal/config.GetConfig.func1()" file="config.go:33"
time="2022-11-17T22:41:58+06:00" level=info msg="create router" func="main.main()" file="app.go:25"
time="2022-11-17T22:41:58+06:00" level=info msg="read application configuration" func="restapi/internal/config.GetConfig.func1()" file="config.go:33"
time="2022-11-17T22:41:58+06:00" level=debug msg="create user" func="restapi/internal/user/db.(*db).Create()" file="mongodb.go:20"
time="2022-11-17T22:41:58+06:00" level=debug msg="convert InsertedID to ObjectID" func="restapi/internal/user/db.(*db).Create()" file="mongodb.go:26"
time="2022-11-17T22:41:58+06:00" level=info msg=637664567e21607c9cf9dd68 func="main.main()" file="app.go:51"
time="2022-11-17T22:41:58+06:00" level=debug msg="create user" func="restapi/internal/user/db.(*db).Create()" file="mongodb.go:20"
time="2022-11-17T22:41:58+06:00" level=debug msg="convert InsertedID to ObjectID" func="restapi/internal/user/db.(*db).Create()" file="mongodb.go:26"
time="2022-11-17T22:41:58+06:00" level=info msg=637664567e21607c9cf9dd69 func="main.main()" file="app.go:64"
time="2022-11-17T22:41:58+06:00" level=trace msg="Matched 1 documents and Modified 1 documents" func="restapi/internal/user/db.(*db).Update()" file="mongodb.go:107"
time="2022-11-17T22:41:58+06:00" level=trace msg="Deleted 1 documents" func="restapi/internal/user/db.(*db).Delete()" file="mongodb.go:130"
time="2022-11-17T22:41:58+06:00" level=fatal msg="not found" func="main.main()" file="app.go:85"
time="2022-11-17T22:42:04+06:00" level=info msg="create router" func="main.main()" file="app.go:25"
time="2022-11-17T22:42:04+06:00" level=info msg="read application configuration" func="restapi/internal/config.GetConfig.func1()" file="config.go:33"
time="2023-01-09T19:03:06+06:00" level=info msg="create router" func="main.main()" file="app.go:22"
time="2023-01-09T19:03:06+06:00" level=info msg="read application configuration" func="restapi/internal/config.GetConfig.func1()" file="config.go:33"
time="2023-01-09T19:03:06+06:00" level=info msg="register user handler" func="main.main()" file="app.go:35"
time="2023-01-09T19:03:06+06:00" level=info msg="start application" func="main.start()" file="app.go:46"
time="2023-01-09T19:03:06+06:00" level=info msg="listen tcp" func="main.start()" file="app.go:64"
time="2023-01-09T19:03:06+06:00" level=info msg="server is listening port 127.0.0.1:1234" func="main.start()" file="app.go:66"
time="2023-01-09T19:08:00+06:00" level=info msg="create router" func="main.main()" file="app.go:22"
time="2023-01-09T19:08:00+06:00" level=info msg="read application configuration" func="restapi/internal/config.GetConfig.func1()" file="config.go:33"
time="2023-01-09T19:08:00+06:00" level=info msg="register user handler" func="main.main()" file="app.go:35"
time="2023-01-09T19:08:00+06:00" level=info msg="start application" func="main.start()" file="app.go:46"
time="2023-01-09T19:08:00+06:00" level=info msg="listen tcp" func="main.start()" file="app.go:64"
time="2023-01-09T19:08:00+06:00" level=info msg="server is listening port 127.0.0.1:1234" func="main.start()" file="app.go:66"
time="2023-01-09T19:13:43+06:00" level=info msg="create router" func="main.main()" file="app.go:22"
time="2023-01-09T19:13:43+06:00" level=info msg="read application configuration" func="restapi/internal/config.GetConfig.func1()" file="config.go:33"
time="2023-01-09T19:13:43+06:00" level=info msg="register user handler" func="main.main()" file="app.go:35"
time="2023-01-09T19:13:43+06:00" level=info msg="start application" func="main.start()" file="app.go:46"
time="2023-01-09T19:13:43+06:00" level=info msg="listen tcp" func="main.start()" file="app.go:64"
time="2023-01-09T19:13:43+06:00" level=info msg="server is listening port 127.0.0.1:1234" func="main.start()" file="app.go:66"
time="2023-01-22T15:48:33+06:00" level=info msg="create router" func="main.main()" file="app.go:25"
time="2023-01-22T15:48:33+06:00" level=info msg="read application configuration" func="restapi/internal/config.GetConfig.func1()" file="config.go:33"
time="2023-01-22T15:48:33+06:00" level=info msg="{1dc72b22-7730-45e7-8edb-27d303c2ac1c Zhaiss Sars}" func="main.main()" file="app.go:42"
time="2023-01-22T15:48:33+06:00" level=info msg="{029a0416-1e95-4cf8-a105-9abb71e5ae05 Cristiano Ronaldo}" func="main.main()" file="app.go:42"
time="2023-01-22T15:48:33+06:00" level=info msg="{a7c09359-935b-4553-9e50-a58423143594 Keylor Navas}" func="main.main()" file="app.go:42"
time="2023-01-22T15:48:33+06:00" level=info msg="register user handler" func="main.main()" file="app.go:45"
time="2023-01-22T15:48:33+06:00" level=info msg="start application" func="main.start()" file="app.go:56"
time="2023-01-22T15:48:33+06:00" level=info msg="listen tcp" func="main.start()" file="app.go:74"
time="2023-01-22T15:48:33+06:00" level=info msg="server is listening port 127.0.0.1:1234" func="main.start()" file="app.go:76"
time="2023-01-23T23:28:46+06:00" level=info msg="create router" func="main.main()" file="app.go:26"
time="2023-01-23T23:28:46+06:00" level=info msg="read application configuration" func="restapi/internal/config.GetConfig.func1()" file="config.go:33"
time="2023-01-23T23:28:46+06:00" level=info msg="{bc97b486-8ce0-4515-8d1b-95327149dfa0 Random name}" func="main.main()" file="app.go:44"
time="2023-01-23T23:28:46+06:00" level=info msg="{1dc72b22-7730-45e7-8edb-27d303c2ac1c Zhaiss Sars}" func="main.main()" file="app.go:52"
time="2023-01-23T23:28:46+06:00" level=info msg="{029a0416-1e95-4cf8-a105-9abb71e5ae05 Cristiano Ronaldo}" func="main.main()" file="app.go:52"
time="2023-01-23T23:28:46+06:00" level=info msg="{a7c09359-935b-4553-9e50-a58423143594 Keylor Navas}" func="main.main()" file="app.go:52"
time="2023-01-23T23:28:46+06:00" level=info msg="{bc97b486-8ce0-4515-8d1b-95327149dfa0 Random name}" func="main.main()" file="app.go:52"
time="2023-01-23T23:28:46+06:00" level=info msg="register user handler" func="main.main()" file="app.go:55"
time="2023-01-23T23:28:46+06:00" level=info msg="start application" func="main.start()" file="app.go:66"
time="2023-01-23T23:28:46+06:00" level=info msg="listen tcp" func="main.start()" file="app.go:84"
time="2023-01-23T23:28:46+06:00" level=info msg="server is listening port 127.0.0.1:1234" func="main.start()" file="app.go:86"
time="2023-01-23T23:31:25+06:00" level=info msg="create router" func="main.main()" file="app.go:25"
time="2023-01-23T23:31:25+06:00" level=info msg="read application configuration" func="restapi/internal/config.GetConfig.func1()" file="config.go:33"
time="2023-01-23T23:31:25+06:00" level=info msg="{bc97b486-8ce0-4515-8d1b-95327149dfa0 Random name}" func="main.main()" file="app.go:40"
time="2023-01-23T23:31:25+06:00" level=info msg="{1dc72b22-7730-45e7-8edb-27d303c2ac1c Zhaiss Sars}" func="main.main()" file="app.go:48"
time="2023-01-23T23:31:25+06:00" level=info msg="{029a0416-1e95-4cf8-a105-9abb71e5ae05 Cristiano Ronaldo}" func="main.main()" file="app.go:48"
time="2023-01-23T23:31:25+06:00" level=info msg="{a7c09359-935b-4553-9e50-a58423143594 Keylor Navas}" func="main.main()" file="app.go:48"
time="2023-01-23T23:31:25+06:00" level=info msg="{bc97b486-8ce0-4515-8d1b-95327149dfa0 Random name}" func="main.main()" file="app.go:48"
time="2023-01-23T23:31:25+06:00" level=info msg="register user handler" func="main.main()" file="app.go:51"
time="2023-01-23T23:31:25+06:00" level=info msg="start application" func="main.start()" file="app.go:62"
time="2023-01-23T23:31:25+06:00" level=info msg="listen tcp" func="main.start()" file="app.go:80"
time="2023-01-23T23:31:25+06:00" level=info msg="server is listening port 127.0.0.1:1234" func="main.start()" file="app.go:82"
